<?xml version="1.0" encoding="UTF-8"?>
<testng-results ignored="0" total="2" passed="2" failed="0" skipped="0">
  <reporter-output>
  </reporter-output>
  <suite started-at="2024-09-18T08:36:13Z" name="Suite" finished-at="2024-09-18T08:36:38Z" duration-ms="25236">
    <groups>
      <group name="Master">
        <method signature="TC001_AccountRegistrationTest.verify_account_registration()[pri:0, instance:testCases.TC001_AccountRegistrationTest@7c1e2a9e]" name="verify_account_registration" class="testCases.TC001_AccountRegistrationTest"/>
        <method signature="TC002_LoginTest.verify_Login()[pri:0, instance:testCases.TC002_LoginTest@fa36558]" name="verify_Login" class="testCases.TC002_LoginTest"/>
      </group> <!-- Master -->
      <group name="Sanity">
        <method signature="TC002_LoginTest.verify_Login()[pri:0, instance:testCases.TC002_LoginTest@fa36558]" name="verify_Login" class="testCases.TC002_LoginTest"/>
      </group> <!-- Sanity -->
      <group name="Regression">
        <method signature="TC001_AccountRegistrationTest.verify_account_registration()[pri:0, instance:testCases.TC001_AccountRegistrationTest@7c1e2a9e]" name="verify_account_registration" class="testCases.TC001_AccountRegistrationTest"/>
      </group> <!-- Regression -->
    </groups>
    <test started-at="2024-09-18T08:36:13Z" name="Test" finished-at="2024-09-18T08:36:38Z" duration-ms="25236">
      <class name="testCases.TC002_LoginTest">
        <test-method is-config="true" signature="setup(java.lang.String, java.lang.String)[pri:0, instance:testCases.TC002_LoginTest@fa36558]" started-at="2024-09-18T08:36:32Z" name="setup" finished-at="2024-09-18T08:36:35Z" duration-ms="2896" status="PASS">
          <params>
            <param index="0">
              <value>
                <![CDATA[windows]]>
              </value>
            </param>
            <param index="1">
              <value>
                <![CDATA[chrome]]>
              </value>
            </param>
          </params>
          <reporter-output>
          </reporter-output>
        </test-method> <!-- setup -->
        <test-method signature="verify_Login()[pri:0, instance:testCases.TC002_LoginTest@fa36558]" started-at="2024-09-18T08:36:35Z" name="verify_Login" finished-at="2024-09-18T08:36:38Z" duration-ms="2851" status="PASS">
          <reporter-output>
          </reporter-output>
        </test-method> <!-- verify_Login -->
        <test-method is-config="true" signature="teardown()[pri:0, instance:testCases.TC002_LoginTest@fa36558]" started-at="2024-09-18T08:36:38Z" name="teardown" finished-at="2024-09-18T08:36:38Z" duration-ms="293" status="PASS">
          <reporter-output>
          </reporter-output>
        </test-method> <!-- teardown -->
      </class> <!-- testCases.TC002_LoginTest -->
      <class name="testCases.TC001_AccountRegistrationTest">
        <test-method is-config="true" signature="setup(java.lang.String, java.lang.String)[pri:0, instance:testCases.TC001_AccountRegistrationTest@7c1e2a9e]" started-at="2024-09-18T08:36:13Z" name="setup" finished-at="2024-09-18T08:36:23Z" duration-ms="10615" status="PASS">
          <params>
            <param index="0">
              <value>
                <![CDATA[windows]]>
              </value>
            </param>
            <param index="1">
              <value>
                <![CDATA[chrome]]>
              </value>
            </param>
          </params>
          <reporter-output>
          </reporter-output>
        </test-method> <!-- setup -->
        <test-method signature="verify_account_registration()[pri:0, instance:testCases.TC001_AccountRegistrationTest@7c1e2a9e]" started-at="2024-09-18T08:36:23Z" name="verify_account_registration" finished-at="2024-09-18T08:36:32Z" duration-ms="8149" status="PASS">
          <reporter-output>
          </reporter-output>
        </test-method> <!-- verify_account_registration -->
        <test-method is-config="true" signature="teardown()[pri:0, instance:testCases.TC001_AccountRegistrationTest@7c1e2a9e]" started-at="2024-09-18T08:36:32Z" name="teardown" finished-at="2024-09-18T08:36:32Z" duration-ms="383" status="PASS">
          <reporter-output>
          </reporter-output>
        </test-method> <!-- teardown -->
      </class> <!-- testCases.TC001_AccountRegistrationTest -->
    </test> <!-- Test -->
  </suite> <!-- Suite -->
</testng-results>
